<?xml version="1.0" encoding="UTF-8"?>
<!-- Generated by org.testng.reporters.JUnitReportReporter -->
<testsuite hostname="DESKTOP-3SHOLN6" failures="0" tests="3" name="com.test.TestClass1" time="0.070" errors="0" timestamp="2022-06-17T12:25:04 NPT" skipped="0">
  <testcase classname="com.test.TestClass1" name="test1" time="0.063"/>
  <system-out/>
  <testcase classname="com.test.TestClass1" name="test2" time="0.003"/>
  <system-out/>
  <testcase classname="com.test.TestClass1" name="test3" time="0.004"/>
  <system-out/>
</testsuite> <!-- com.test.TestClass1 -->
