<?xml version="1.0" encoding="UTF-8"?>
<!-- Generated by org.testng.reporters.JUnitReportReporter -->
<testsuite hostname="DESKTOP-3SHOLN6" failures="0" tests="3" name="com.test.Testcase1" time="0.001" errors="0" timestamp="2022-06-17T12:15:21 NPT" skipped="3">
  <testcase classname="com.test.Testcase1" name="test3" time="0.001">
    <skipped/>
  </testcase> <!-- test3 -->
  <system-out/>
  <testcase classname="com.test.Testcase1" name="test1" time="0.000">
    <skipped/>
  </testcase> <!-- test1 -->
  <system-out/>
  <testcase classname="com.test.Testcase1" name="test2" time="0.000">
    <skipped/>
  </testcase> <!-- test2 -->
  <system-out/>
</testsuite> <!-- com.test.Testcase1 -->
